2025-04-27 15:51:08,760 | INFO | 游빛 Loggen har rensats f칬r en ny ber칛kning.
2025-04-27 15:51:08,761 | INFO | Ber칛kning startad: 친lder=45, l칬n=35000, pensions친lder=65, 친r till pension=20, tillv칛xt=0.019, l칬nev칛xling=0, l칬nev칛xlingspremie=0
2025-04-27 15:51:08,762 | INFO | Avs칛ttning: 4.5% av 35000 = 1575.0, 30.0% av 0 = 0.0
2025-04-27 15:51:08,762 | INFO | L칬nev칛xlingspremie: 0 * 0.0% = 0
2025-04-27 15:51:08,763 | INFO | 칀rlig avs칛ttning = 18900.0, m친natlig = 1575.00
2025-04-27 15:51:08,763 | INFO | 칀r 1: ins칛ttning + tillv칛xt = 27025.35
2025-04-27 15:51:08,763 | INFO | 칀r 2: ins칛ttning + tillv칛xt = 26521.44
2025-04-27 15:51:08,764 | INFO | 칀r 3: ins칛ttning + tillv칛xt = 26026.93
2025-04-27 15:51:08,764 | INFO | 칀r 4: ins칛ttning + tillv칛xt = 25541.64
2025-04-27 15:51:08,765 | INFO | 칀r 5: ins칛ttning + tillv칛xt = 25065.40
2025-04-27 15:51:08,765 | INFO | 칀r 6: ins칛ttning + tillv칛xt = 24598.03
2025-04-27 15:51:08,765 | INFO | 칀r 7: ins칛ttning + tillv칛xt = 24139.38
2025-04-27 15:51:08,766 | INFO | 칀r 8: ins칛ttning + tillv칛xt = 23689.29
2025-04-27 15:51:08,766 | INFO | 칀r 9: ins칛ttning + tillv칛xt = 23247.58
2025-04-27 15:51:08,767 | INFO | 칀r 10: ins칛ttning + tillv칛xt = 22814.12
2025-04-27 15:51:08,768 | INFO | 칀r 11: ins칛ttning + tillv칛xt = 22388.73
2025-04-27 15:51:08,768 | INFO | 칀r 12: ins칛ttning + tillv칛xt = 21971.28
2025-04-27 15:51:08,768 | INFO | 칀r 13: ins칛ttning + tillv칛xt = 21561.61
2025-04-27 15:51:08,769 | INFO | 칀r 14: ins칛ttning + tillv칛xt = 21159.57
2025-04-27 15:51:08,770 | INFO | 칀r 15: ins칛ttning + tillv칛xt = 20765.04
2025-04-27 15:51:08,770 | INFO | 칀r 16: ins칛ttning + tillv칛xt = 20377.86
2025-04-27 15:51:08,771 | INFO | 칀r 17: ins칛ttning + tillv칛xt = 19997.90
2025-04-27 15:51:08,771 | INFO | 칀r 18: ins칛ttning + tillv칛xt = 19625.02
2025-04-27 15:51:08,772 | INFO | 칀r 19: ins칛ttning + tillv칛xt = 19259.10
2025-04-27 15:51:08,773 | INFO | 칀r 20: ins칛ttning + tillv칛xt = 18900.00
2025-04-27 15:51:08,773 | INFO | Totalt kapital med tillv칛xt = 454675.26, m친natlig pension = 1894.48
